{"C:\\Users\\hagga\\WebstormProjects\\l7-quiz\\client\\frontpage.jsx": {"path":"C:\\Users\\hagga\\WebstormProjects\\l7-quiz\\client\\frontpage.jsx","statementMap":{"0":{"start":{"line":6,"column":4},"end":{"line":10,"column":10}}},"fnMap":{"0":{"name":"FrontPage","decl":{"start":{"line":4,"column":16},"end":{"line":4,"column":25}},"loc":{"start":{"line":5,"column":0},"end":{"line":11,"column":1}},"line":5}},"branchMap":{},"s":{"0":1},"f":{"0":1},"b":{},"_coverageSchema":"1a1c01bbd47fc00a2c39e90264f33305004495a9","hash":"d62e88d8ecc5b54271a68ba2891abd4010415d48"}
,"C:\\Users\\hagga\\WebstormProjects\\l7-quiz\\client\\index.jsx": {"path":"C:\\Users\\hagga\\WebstormProjects\\l7-quiz\\client\\index.jsx","statementMap":{"0":{"start":{"line":5,"column":16},"end":{"line":5,"column":46}},"1":{"start":{"line":6,"column":12},"end":{"line":6,"column":31}},"2":{"start":{"line":7,"column":11},"end":{"line":7,"column":19}},"3":{"start":{"line":9,"column":0},"end":{"line":11,"column":2}},"4":{"start":{"line":14,"column":4},"end":{"line":22,"column":20}},"5":{"start":{"line":26,"column":8},"end":{"line":33,"column":16}},"6":{"start":{"line":40,"column":33},"end":{"line":40,"column":47}},"7":{"start":{"line":41,"column":29},"end":{"line":41,"column":39}},"8":{"start":{"line":42,"column":27},"end":{"line":42,"column":37}},"9":{"start":{"line":45,"column":8},"end":{"line":58,"column":9}},"10":{"start":{"line":46,"column":12},"end":{"line":46,"column":29}},"11":{"start":{"line":47,"column":12},"end":{"line":47,"column":45}},"12":{"start":{"line":52,"column":12},"end":{"line":52,"column":28}},"13":{"start":{"line":57,"column":12},"end":{"line":57,"column":30}},"14":{"start":{"line":61,"column":4},"end":{"line":61,"column":32}},"15":{"start":{"line":61,"column":20},"end":{"line":61,"column":26}},"16":{"start":{"line":62,"column":4},"end":{"line":62,"column":32}},"17":{"start":{"line":66,"column":35},"end":{"line":67,"column":45}},"18":{"start":{"line":67,"column":8},"end":{"line":67,"column":43}},"19":{"start":{"line":70,"column":19},"end":{"line":70,"column":32}},"20":{"start":{"line":74,"column":8},"end":{"line":79,"column":9}},"21":{"start":{"line":75,"column":12},"end":{"line":75,"column":26}},"22":{"start":{"line":78,"column":12},"end":{"line":78,"column":42}},"23":{"start":{"line":81,"column":4},"end":{"line":89,"column":5}},"24":{"start":{"line":83,"column":8},"end":{"line":88,"column":10}},"25":{"start":{"line":91,"column":4},"end":{"line":94,"column":5}},"26":{"start":{"line":93,"column":8},"end":{"line":93,"column":42}},"27":{"start":{"line":95,"column":4},"end":{"line":115,"column":6}},"28":{"start":{"line":98,"column":35},"end":{"line":98,"column":48}},"29":{"start":{"line":104,"column":18},"end":{"line":109,"column":24}},"30":{"start":{"line":120,"column":16},"end":{"line":124,"column":6}},"31":{"start":{"line":125,"column":4},"end":{"line":128,"column":5}},"32":{"start":{"line":127,"column":8},"end":{"line":127,"column":77}},"33":{"start":{"line":129,"column":4},"end":{"line":132,"column":5}},"34":{"start":{"line":131,"column":8},"end":{"line":131,"column":32}},"35":{"start":{"line":139,"column":15},"end":{"line":139,"column":30}},"36":{"start":{"line":140,"column":4},"end":{"line":140,"column":35}},"37":{"start":{"line":142,"column":19},"end":{"line":142,"column":32}},"38":{"start":{"line":145,"column":8},"end":{"line":145,"column":27}},"39":{"start":{"line":146,"column":8},"end":{"line":146,"column":22}},"40":{"start":{"line":150,"column":8},"end":{"line":150,"column":27}},"41":{"start":{"line":152,"column":12},"end":{"line":159,"column":13}},"42":{"start":{"line":154,"column":16},"end":{"line":154,"column":33}},"43":{"start":{"line":155,"column":16},"end":{"line":155,"column":34}},"44":{"start":{"line":158,"column":16},"end":{"line":158,"column":44}},"45":{"start":{"line":163,"column":4},"end":{"line":171,"column":6}},"46":{"start":{"line":165,"column":35},"end":{"line":165,"column":71}},"47":{"start":{"line":166,"column":35},"end":{"line":166,"column":71}},"48":{"start":{"line":167,"column":35},"end":{"line":167,"column":71}},"49":{"start":{"line":168,"column":35},"end":{"line":168,"column":71}},"50":{"start":{"line":169,"column":39},"end":{"line":169,"column":52}},"51":{"start":{"line":176,"column":35},"end":{"line":176,"column":47}},"52":{"start":{"line":177,"column":30},"end":{"line":177,"column":42}},"53":{"start":{"line":178,"column":30},"end":{"line":178,"column":42}},"54":{"start":{"line":179,"column":30},"end":{"line":179,"column":42}},"55":{"start":{"line":180,"column":30},"end":{"line":180,"column":42}},"56":{"start":{"line":181,"column":45},"end":{"line":181,"column":56}},"57":{"start":{"line":183,"column":19},"end":{"line":183,"column":32}},"58":{"start":{"line":185,"column":8},"end":{"line":185,"column":27}},"59":{"start":{"line":186,"column":8},"end":{"line":189,"column":11}},"60":{"start":{"line":191,"column":8},"end":{"line":191,"column":20}},"61":{"start":{"line":192,"column":8},"end":{"line":192,"column":20}},"62":{"start":{"line":193,"column":8},"end":{"line":193,"column":20}},"63":{"start":{"line":194,"column":8},"end":{"line":194,"column":20}},"64":{"start":{"line":195,"column":8},"end":{"line":195,"column":24}},"65":{"start":{"line":196,"column":8},"end":{"line":196,"column":22}},"66":{"start":{"line":198,"column":4},"end":{"line":210,"column":6}},"67":{"start":{"line":201,"column":79},"end":{"line":201,"column":106}},"68":{"start":{"line":202,"column":82},"end":{"line":202,"column":105}},"69":{"start":{"line":203,"column":82},"end":{"line":203,"column":105}},"70":{"start":{"line":204,"column":82},"end":{"line":204,"column":105}},"71":{"start":{"line":205,"column":82},"end":{"line":205,"column":105}},"72":{"start":{"line":206,"column":90},"end":{"line":206,"column":130}}},"fnMap":{"0":{"name":"Application","decl":{"start":{"line":12,"column":9},"end":{"line":12,"column":20}},"loc":{"start":{"line":13,"column":0},"end":{"line":23,"column":1}},"line":13},"1":{"name":"FrontPage","decl":{"start":{"line":24,"column":9},"end":{"line":24,"column":18}},"loc":{"start":{"line":25,"column":0},"end":{"line":34,"column":1}},"line":25},"2":{"name":"useLoader","decl":{"start":{"line":38,"column":9},"end":{"line":38,"column":18}},"loc":{"start":{"line":39,"column":0},"end":{"line":63,"column":1}},"line":39},"3":{"name":"load","decl":{"start":{"line":44,"column":19},"end":{"line":44,"column":23}},"loc":{"start":{"line":44,"column":25},"end":{"line":59,"column":5}},"line":44},"4":{"name":"(anonymous_4)","decl":{"start":{"line":61,"column":14},"end":{"line":61,"column":15}},"loc":{"start":{"line":61,"column":20},"end":{"line":61,"column":26}},"line":61},"5":{"name":"ListQuestions","decl":{"start":{"line":65,"column":9},"end":{"line":65,"column":22}},"loc":{"start":{"line":65,"column":25},"end":{"line":116,"column":1}},"line":65},"6":{"name":"(anonymous_6)","decl":{"start":{"line":66,"column":45},"end":{"line":66,"column":46}},"loc":{"start":{"line":66,"column":57},"end":{"line":67,"column":44}},"line":66},"7":{"name":"returnHome","decl":{"start":{"line":71,"column":13},"end":{"line":71,"column":23}},"loc":{"start":{"line":72,"column":4},"end":{"line":80,"column":5}},"line":72},"8":{"name":"(anonymous_8)","decl":{"start":{"line":98,"column":30},"end":{"line":98,"column":31}},"loc":{"start":{"line":98,"column":35},"end":{"line":98,"column":48}},"line":98},"9":{"name":"(anonymous_9)","decl":{"start":{"line":103,"column":24},"end":{"line":103,"column":25}},"loc":{"start":{"line":104,"column":18},"end":{"line":109,"column":24}},"line":104},"10":{"name":"fetchJSON","decl":{"start":{"line":118,"column":15},"end":{"line":118,"column":24}},"loc":{"start":{"line":119,"column":0},"end":{"line":134,"column":1}},"line":119},"11":{"name":"DisplayQuiz","decl":{"start":{"line":136,"column":9},"end":{"line":136,"column":20}},"loc":{"start":{"line":136,"column":23},"end":{"line":172,"column":1}},"line":136},"12":{"name":"returnHome","decl":{"start":{"line":143,"column":13},"end":{"line":143,"column":23}},"loc":{"start":{"line":144,"column":4},"end":{"line":147,"column":5}},"line":144},"13":{"name":"checkAnswer","decl":{"start":{"line":148,"column":13},"end":{"line":148,"column":24}},"loc":{"start":{"line":149,"column":4},"end":{"line":162,"column":5}},"line":149},"14":{"name":"(anonymous_14)","decl":{"start":{"line":165,"column":30},"end":{"line":165,"column":31}},"loc":{"start":{"line":165,"column":35},"end":{"line":165,"column":71}},"line":165},"15":{"name":"(anonymous_15)","decl":{"start":{"line":166,"column":30},"end":{"line":166,"column":31}},"loc":{"start":{"line":166,"column":35},"end":{"line":166,"column":71}},"line":166},"16":{"name":"(anonymous_16)","decl":{"start":{"line":167,"column":30},"end":{"line":167,"column":31}},"loc":{"start":{"line":167,"column":35},"end":{"line":167,"column":71}},"line":167},"17":{"name":"(anonymous_17)","decl":{"start":{"line":168,"column":30},"end":{"line":168,"column":31}},"loc":{"start":{"line":168,"column":35},"end":{"line":168,"column":71}},"line":168},"18":{"name":"(anonymous_18)","decl":{"start":{"line":169,"column":34},"end":{"line":169,"column":35}},"loc":{"start":{"line":169,"column":39},"end":{"line":169,"column":52}},"line":169},"19":{"name":"AddNewQuestion","decl":{"start":{"line":174,"column":9},"end":{"line":174,"column":23}},"loc":{"start":{"line":175,"column":0},"end":{"line":211,"column":1}},"line":175},"20":{"name":"handleSubmit","decl":{"start":{"line":184,"column":19},"end":{"line":184,"column":31}},"loc":{"start":{"line":184,"column":34},"end":{"line":197,"column":5}},"line":184},"21":{"name":"(anonymous_21)","decl":{"start":{"line":201,"column":74},"end":{"line":201,"column":75}},"loc":{"start":{"line":201,"column":79},"end":{"line":201,"column":106}},"line":201},"22":{"name":"(anonymous_22)","decl":{"start":{"line":202,"column":77},"end":{"line":202,"column":78}},"loc":{"start":{"line":202,"column":82},"end":{"line":202,"column":105}},"line":202},"23":{"name":"(anonymous_23)","decl":{"start":{"line":203,"column":77},"end":{"line":203,"column":78}},"loc":{"start":{"line":203,"column":82},"end":{"line":203,"column":105}},"line":203},"24":{"name":"(anonymous_24)","decl":{"start":{"line":204,"column":77},"end":{"line":204,"column":78}},"loc":{"start":{"line":204,"column":82},"end":{"line":204,"column":105}},"line":204},"25":{"name":"(anonymous_25)","decl":{"start":{"line":205,"column":77},"end":{"line":205,"column":78}},"loc":{"start":{"line":205,"column":82},"end":{"line":205,"column":105}},"line":205},"26":{"name":"(anonymous_26)","decl":{"start":{"line":206,"column":85},"end":{"line":206,"column":86}},"loc":{"start":{"line":206,"column":90},"end":{"line":206,"column":130}},"line":206}},"branchMap":{"0":{"loc":{"start":{"line":81,"column":4},"end":{"line":89,"column":5}},"type":"if","locations":[{"start":{"line":81,"column":4},"end":{"line":89,"column":5}},{"start":{},"end":{}}],"line":81},"1":{"loc":{"start":{"line":91,"column":4},"end":{"line":94,"column":5}},"type":"if","locations":[{"start":{"line":91,"column":4},"end":{"line":94,"column":5}},{"start":{},"end":{}}],"line":91},"2":{"loc":{"start":{"line":118,"column":29},"end":{"line":118,"column":39}},"type":"default-arg","locations":[{"start":{"line":118,"column":37},"end":{"line":118,"column":39}}],"line":118},"3":{"loc":{"start":{"line":121,"column":16},"end":{"line":121,"column":39}},"type":"binary-expr","locations":[{"start":{"line":121,"column":16},"end":{"line":121,"column":30}},{"start":{"line":121,"column":34},"end":{"line":121,"column":39}}],"line":121},"4":{"loc":{"start":{"line":122,"column":17},"end":{"line":122,"column":71}},"type":"cond-expr","locations":[{"start":{"line":122,"column":32},"end":{"line":122,"column":68}},{"start":{"line":122,"column":69},"end":{"line":122,"column":71}}],"line":122},"5":{"loc":{"start":{"line":123,"column":14},"end":{"line":123,"column":58}},"type":"binary-expr","locations":[{"start":{"line":123,"column":14},"end":{"line":123,"column":26}},{"start":{"line":123,"column":30},"end":{"line":123,"column":58}}],"line":123},"6":{"loc":{"start":{"line":125,"column":4},"end":{"line":128,"column":5}},"type":"if","locations":[{"start":{"line":125,"column":4},"end":{"line":128,"column":5}},{"start":{},"end":{}}],"line":125},"7":{"loc":{"start":{"line":129,"column":4},"end":{"line":132,"column":5}},"type":"if","locations":[{"start":{"line":129,"column":4},"end":{"line":132,"column":5}},{"start":{},"end":{}}],"line":129},"8":{"loc":{"start":{"line":152,"column":12},"end":{"line":159,"column":13}},"type":"if","locations":[{"start":{"line":152,"column":12},"end":{"line":159,"column":13}},{"start":{"line":157,"column":19},"end":{"line":159,"column":13}}],"line":152}},"s":{"0":0,"1":0,"2":0,"3":0,"4":0,"5":0,"6":0,"7":0,"8":0,"9":0,"10":0,"11":0,"12":0,"13":0,"14":0,"15":0,"16":0,"17":0,"18":0,"19":0,"20":0,"21":0,"22":0,"23":0,"24":0,"25":0,"26":0,"27":0,"28":0,"29":0,"30":0,"31":0,"32":0,"33":0,"34":0,"35":0,"36":0,"37":0,"38":0,"39":0,"40":0,"41":0,"42":0,"43":0,"44":0,"45":0,"46":0,"47":0,"48":0,"49":0,"50":0,"51":0,"52":0,"53":0,"54":0,"55":0,"56":0,"57":0,"58":0,"59":0,"60":0,"61":0,"62":0,"63":0,"64":0,"65":0,"66":0,"67":0,"68":0,"69":0,"70":0,"71":0,"72":0},"f":{"0":0,"1":0,"2":0,"3":0,"4":0,"5":0,"6":0,"7":0,"8":0,"9":0,"10":0,"11":0,"12":0,"13":0,"14":0,"15":0,"16":0,"17":0,"18":0,"19":0,"20":0,"21":0,"22":0,"23":0,"24":0,"25":0,"26":0},"b":{"0":[0,0],"1":[0,0],"2":[0],"3":[0,0],"4":[0,0],"5":[0,0],"6":[0,0],"7":[0,0],"8":[0,0]}}
,"C:\\Users\\hagga\\WebstormProjects\\l7-quiz\\client\\quizzes.js": {"path":"C:\\Users\\hagga\\WebstormProjects\\l7-quiz\\client\\quizzes.js","statementMap":{"0":{"start":{"line":1,"column":16},"end":{"line":34,"column":1}},"1":{"start":{"line":38,"column":19},"end":{"line":38,"column":61}},"2":{"start":{"line":39,"column":4},"end":{"line":39,"column":29}},"3":{"start":{"line":42,"column":4},"end":{"line":42,"column":19}}},"fnMap":{"0":{"name":"getRandomQuiz","decl":{"start":{"line":37,"column":16},"end":{"line":37,"column":29}},"loc":{"start":{"line":37,"column":32},"end":{"line":40,"column":1}},"line":37},"1":{"name":"getAll","decl":{"start":{"line":41,"column":16},"end":{"line":41,"column":22}},"loc":{"start":{"line":41,"column":25},"end":{"line":43,"column":1}},"line":41}},"branchMap":{},"s":{"0":0,"1":0,"2":0,"3":0},"f":{"0":0,"1":0},"b":{}}
}
