TN:
SF:frontpage.jsx
FN:4,FrontPage
FNF:1
FNH:1
FNDA:1,FrontPage
DA:6,1
LF:1
LH:1
BRF:0
BRH:0
end_of_record
TN:
SF:index.jsx
FN:12,Application
FN:24,FrontPage
FN:38,useLoader
FN:44,load
FN:61,(anonymous_4)
FN:65,ListQuestions
FN:66,(anonymous_6)
FN:71,returnHome
FN:98,(anonymous_8)
FN:103,(anonymous_9)
FN:118,fetchJSON
FN:136,DisplayQuiz
FN:143,returnHome
FN:148,checkAnswer
FN:165,(anonymous_14)
FN:166,(anonymous_15)
FN:167,(anonymous_16)
FN:168,(anonymous_17)
FN:169,(anonymous_18)
FN:174,AddNewQuestion
FN:184,handleSubmit
FN:201,(anonymous_21)
FN:202,(anonymous_22)
FN:203,(anonymous_23)
FN:204,(anonymous_24)
FN:205,(anonymous_25)
FN:206,(anonymous_26)
FNF:27
FNH:0
FNDA:0,Application
FNDA:0,FrontPage
FNDA:0,useLoader
FNDA:0,load
FNDA:0,(anonymous_4)
FNDA:0,ListQuestions
FNDA:0,(anonymous_6)
FNDA:0,returnHome
FNDA:0,(anonymous_8)
FNDA:0,(anonymous_9)
FNDA:0,fetchJSON
FNDA:0,DisplayQuiz
FNDA:0,returnHome
FNDA:0,checkAnswer
FNDA:0,(anonymous_14)
FNDA:0,(anonymous_15)
FNDA:0,(anonymous_16)
FNDA:0,(anonymous_17)
FNDA:0,(anonymous_18)
FNDA:0,AddNewQuestion
FNDA:0,handleSubmit
FNDA:0,(anonymous_21)
FNDA:0,(anonymous_22)
FNDA:0,(anonymous_23)
FNDA:0,(anonymous_24)
FNDA:0,(anonymous_25)
FNDA:0,(anonymous_26)
DA:5,0
DA:6,0
DA:7,0
DA:9,0
DA:14,0
DA:26,0
DA:40,0
DA:41,0
DA:42,0
DA:45,0
DA:46,0
DA:47,0
DA:52,0
DA:57,0
DA:61,0
DA:62,0
DA:66,0
DA:67,0
DA:70,0
DA:74,0
DA:75,0
DA:78,0
DA:81,0
DA:83,0
DA:91,0
DA:93,0
DA:95,0
DA:98,0
DA:104,0
DA:120,0
DA:125,0
DA:127,0
DA:129,0
DA:131,0
DA:139,0
DA:140,0
DA:142,0
DA:145,0
DA:146,0
DA:150,0
DA:152,0
DA:154,0
DA:155,0
DA:158,0
DA:163,0
DA:165,0
DA:166,0
DA:167,0
DA:168,0
DA:169,0
DA:176,0
DA:177,0
DA:178,0
DA:179,0
DA:180,0
DA:181,0
DA:183,0
DA:185,0
DA:186,0
DA:191,0
DA:192,0
DA:193,0
DA:194,0
DA:195,0
DA:196,0
DA:198,0
DA:201,0
DA:202,0
DA:203,0
DA:204,0
DA:205,0
DA:206,0
LF:72
LH:0
BRDA:81,0,0,0
BRDA:81,0,1,0
BRDA:91,1,0,0
BRDA:91,1,1,0
BRDA:118,2,0,0
BRDA:121,3,0,0
BRDA:121,3,1,0
BRDA:122,4,0,0
BRDA:122,4,1,0
BRDA:123,5,0,0
BRDA:123,5,1,0
BRDA:125,6,0,0
BRDA:125,6,1,0
BRDA:129,7,0,0
BRDA:129,7,1,0
BRDA:152,8,0,0
BRDA:152,8,1,0
BRF:17
BRH:0
end_of_record
TN:
SF:quizzes.js
FN:37,getRandomQuiz
FN:41,getAll
FNF:2
FNH:0
FNDA:0,getRandomQuiz
FNDA:0,getAll
DA:1,0
DA:38,0
DA:39,0
DA:42,0
LF:4
LH:0
BRF:0
BRH:0
end_of_record
